0 info it worked if it ends with ok
1 verbose cli [ '/Users/ivan/.nvm/versions/node/v6.0.0/bin/node',
1 verbose cli   '/Users/ivan/.nvm/versions/node/v6.0.0/bin/npm',
1 verbose cli   'run',
1 verbose cli   'start' ]
2 info using npm@3.8.6
3 info using node@v6.0.0
4 verbose run-script [ 'prestart', 'start', 'poststart' ]
5 info lifecycle meta@0.0.1~prestart: meta@0.0.1
6 silly lifecycle meta@0.0.1~prestart: no script for prestart, continuing
7 info lifecycle meta@0.0.1~start: meta@0.0.1
8 verbose lifecycle meta@0.0.1~start: unsafe-perm in lifecycle true
9 verbose lifecycle meta@0.0.1~start: PATH: /Users/ivan/.nvm/versions/node/v6.0.0/lib/node_modules/npm/bin/node-gyp-bin:/Users/ivan/dev/meta/node_modules/.bin:/Users/ivan/.nvm/versions/node/v6.0.0/bin:/Users/ivan/bin/Sencha/Cmd:/Users/ivan/.rvm/gems/ruby-2.1.1/bin:/Users/ivan/.rvm/gems/ruby-2.1.1@global/bin:/Users/ivan/.rvm/rubies/ruby-2.1.1/bin:/Users/ivan/.nvm/versions/node/v6.0.0/bin:/usr/local/bin:/usr/bin:/bin:/usr/sbin:/sbin:/opt/X11/bin:/usr/local/git/bin:/Users/ivan/.rvm/bin
10 verbose lifecycle meta@0.0.1~start: CWD: /Users/ivan/dev/meta
11 silly lifecycle meta@0.0.1~start: Args: [ '-c', 'node ./' ]
12 silly lifecycle meta@0.0.1~start: Returned: code: 1  signal: null
13 info lifecycle meta@0.0.1~start: Failed to exec start script
14 verbose stack Error: meta@0.0.1 start: `node ./`
14 verbose stack Exit status 1
14 verbose stack     at EventEmitter.<anonymous> (/Users/ivan/.nvm/versions/node/v6.0.0/lib/node_modules/npm/lib/utils/lifecycle.js:239:16)
14 verbose stack     at emitTwo (events.js:106:13)
14 verbose stack     at EventEmitter.emit (events.js:191:7)
14 verbose stack     at ChildProcess.<anonymous> (/Users/ivan/.nvm/versions/node/v6.0.0/lib/node_modules/npm/lib/utils/spawn.js:24:14)
14 verbose stack     at emitTwo (events.js:106:13)
14 verbose stack     at ChildProcess.emit (events.js:191:7)
14 verbose stack     at maybeClose (internal/child_process.js:850:16)
14 verbose stack     at Process.ChildProcess._handle.onexit (internal/child_process.js:215:5)
15 verbose pkgid meta@0.0.1
16 verbose cwd /Users/ivan/dev/meta
17 error Darwin 15.4.0
18 error argv "/Users/ivan/.nvm/versions/node/v6.0.0/bin/node" "/Users/ivan/.nvm/versions/node/v6.0.0/bin/npm" "run" "start"
19 error node v6.0.0
20 error npm  v3.8.6
21 error code ELIFECYCLE
22 error meta@0.0.1 start: `node ./`
22 error Exit status 1
23 error Failed at the meta@0.0.1 start script 'node ./'.
23 error Make sure you have the latest version of node.js and npm installed.
23 error If you do, this is most likely a problem with the meta package,
23 error not with npm itself.
23 error Tell the author that this fails on your system:
23 error     node ./
23 error You can get information on how to open an issue for this project with:
23 error     npm bugs meta
23 error Or if that isn't available, you can get their info via:
23 error     npm owner ls meta
23 error There is likely additional logging output above.
24 verbose exit [ 1, true ]
